---------------------------------------------------------------
[ 2019-01-18T20:09:29+08:00 ] 127.0.0.1 127.0.0.1 GET /index.php/admin/goods/add
[ info ] shop.com/index.php/admin/goods/add [运行时间：0.037927s][吞吐率：26.37req/s] [内存消耗：2,869.76kb] [文件加载：60]
[ info ] [ LANG ] /Users/dylan/PHP/Project/shop/thinkphp/lang/zh-cn.php
[ info ] [ ROUTE ] array (
  'type' => 'module',
  'module' => 
  array (
    0 => 'admin',
    1 => 'goods',
    2 => 'add',
  ),
)
[ info ] [ HEADER ] array (
  'host' => 'shop.com',
  'connection' => 'keep-alive',
  'purpose' => 'prefetch',
  'upgrade-insecure-requests' => '1',
  'user-agent' => 'Mozilla/5.0 (Macintosh; Intel Mac OS X 10_14_2) AppleWebKit/537.36 (KHTML, like Gecko) Chrome/71.0.3578.98 Safari/537.36',
  'accept' => 'text/html,application/xhtml+xml,application/xml;q=0.9,image/webp,image/apng,*/*;q=0.8',
  'accept-encoding' => 'gzip, deflate',
  'accept-language' => 'zh-CN,zh;q=0.9',
  'cookie' => '_abck=3396206387DF9DACF621D715DB72680ADB4C0E06EC740000BD7A3D5CED029402~-1~7tMf4363R9iVyTIyx7o16nIbHjXNn78D5tNOqAMU0cQ=~-1~-1; LAST_CCSYN=260; AMID=3516259495; _ga=GA1.2.1253177425.1547532995; ftr_ncd=6; _caid=495845ec-f19a-4242-b906-321b83658a89; AMCV_127B38B3527845B30A490D4C%40AdobeOrg=1099438348%7CMCIDTS%7C17912%7CMCMID%7C69607573363350417163994856205269040804%7CMCAAMLH-1548137795%7C11%7CMCAAMB-1548137795%7CRKhpRz8krg2tLO6pguXWp5olkAcUniQYPHaMWWgdJ3xzPWQmdj0y%7CMCOPTOUT-1547540195s%7CNONE%7CMCAID%7CNONE%7CMCSYNCSOP%7C411-17919%7CvVersion%7C2.1.0; s_fid=716E0F5041C00972-324DC04A1E160255; s_vi=[CS]v1|2E1ED2E1052A0C9D-4000010A200026BB[CE]; mbox=PC#7062ab40a16e4c8b93c7da050aa7f351.22_2#1555328802|session#fa3690e24ecf4214b6550468f9d9c8a7#1547554662|check#true#1547552862; utag_main=v_id:016850278863000be1d9ca0f7ddd03078003507000ac2$_sn:4$_ss:0$_st:1547554602037$vapi_domain:shop.com$_pn:2%3Bexp-session$ses_id:1547551832377%3Bexp-session; forterToken=45b3a24757e649bbad33a83df8497763_1547552802635__UDF43_9ck; s_getNewRepeat=1547552805936-Repeat; PHPSESSID=m2aboc18luhiv6nhfcnc4uo5cm; user_info=think%3A%7B%22id%22%3A%221%22%2C%22username%22%3A%22admin%22%2C%22password%22%3A%22bf280d5433553d3541c5381f24852c08%22%2C%22role_id%22%3A%221%22%7D',
)
[ info ] [ PARAM ] array (
)
[ info ] [ DB ] INIT mysql
[ info ] [ RUN ] app\admin\controller\Goods->add[ /Users/dylan/PHP/Project/shop/application/admin/controller/Goods.php ]
[ info ] [ VIEW ] /Users/dylan/PHP/Project/shop/public/../application/admin/view/goods/add.html [ array (
  0 => 'type',
  1 => 'category',
) ]
[ info ] [ SESSION ] INIT array (
  'id' => '',
  'var_session_id' => '',
  'prefix' => 'think',
  'type' => 'redis',
  'auto_start' => true,
)
[ info ] [ LOG ] INIT File
[ sql ] [ DB ] CONNECT:[ UseTime:0.000631s ] mysql:host=127.0.0.1;port=3306;dbname=shop;charset=utf8
[ sql ] [ SQL ] SHOW COLUMNS FROM `shop_role` [ RunTime:0.001156s ]
[ sql ] [ SQL ] SELECT * FROM `shop_role` WHERE  `id` = 1 LIMIT 1 [ RunTime:0.000459s ]
[ sql ] [ SQL ] SHOW COLUMNS FROM `shop_rule` [ RunTime:0.000998s ]
[ sql ] [ SQL ] SELECT * FROM `shop_rule` [ RunTime:0.000441s ]
[ sql ] [ SQL ] SHOW COLUMNS FROM `shop_type` [ RunTime:0.000959s ]
[ sql ] [ SQL ] SELECT * FROM `shop_type` [ RunTime:0.000387s ]
[ sql ] [ SQL ] SHOW COLUMNS FROM `shop_category` [ RunTime:0.001093s ]
[ sql ] [ SQL ] SELECT * FROM `shop_category` [ RunTime:0.000385s ]
---------------------------------------------------------------
[ 2019-01-18T20:09:30+08:00 ] 127.0.0.1 127.0.0.1 GET /index.php/admin/goods/add
[ info ] shop.com/index.php/admin/goods/add [运行时间：0.036951s][吞吐率：27.06req/s] [内存消耗：2,718.43kb] [文件加载：58]
[ info ] [ LANG ] /Users/dylan/PHP/Project/shop/thinkphp/lang/zh-cn.php
[ info ] [ ROUTE ] array (
  'type' => 'module',
  'module' => 
  array (
    0 => 'admin',
    1 => 'goods',
    2 => 'add',
  ),
)
[ info ] [ HEADER ] array (
  'host' => 'shop.com',
  'connection' => 'keep-alive',
  'upgrade-insecure-requests' => '1',
  'user-agent' => 'Mozilla/5.0 (Macintosh; Intel Mac OS X 10_14_2) AppleWebKit/537.36 (KHTML, like Gecko) Chrome/71.0.3578.98 Safari/537.36',
  'accept' => 'text/html,application/xhtml+xml,application/xml;q=0.9,image/webp,image/apng,*/*;q=0.8',
  'accept-encoding' => 'gzip, deflate',
  'accept-language' => 'zh-CN,zh;q=0.9',
  'cookie' => '_abck=3396206387DF9DACF621D715DB72680ADB4C0E06EC740000BD7A3D5CED029402~-1~7tMf4363R9iVyTIyx7o16nIbHjXNn78D5tNOqAMU0cQ=~-1~-1; LAST_CCSYN=260; AMID=3516259495; _ga=GA1.2.1253177425.1547532995; ftr_ncd=6; _caid=495845ec-f19a-4242-b906-321b83658a89; AMCV_127B38B3527845B30A490D4C%40AdobeOrg=1099438348%7CMCIDTS%7C17912%7CMCMID%7C69607573363350417163994856205269040804%7CMCAAMLH-1548137795%7C11%7CMCAAMB-1548137795%7CRKhpRz8krg2tLO6pguXWp5olkAcUniQYPHaMWWgdJ3xzPWQmdj0y%7CMCOPTOUT-1547540195s%7CNONE%7CMCAID%7CNONE%7CMCSYNCSOP%7C411-17919%7CvVersion%7C2.1.0; s_fid=716E0F5041C00972-324DC04A1E160255; s_vi=[CS]v1|2E1ED2E1052A0C9D-4000010A200026BB[CE]; mbox=PC#7062ab40a16e4c8b93c7da050aa7f351.22_2#1555328802|session#fa3690e24ecf4214b6550468f9d9c8a7#1547554662|check#true#1547552862; utag_main=v_id:016850278863000be1d9ca0f7ddd03078003507000ac2$_sn:4$_ss:0$_st:1547554602037$vapi_domain:shop.com$_pn:2%3Bexp-session$ses_id:1547551832377%3Bexp-session; forterToken=45b3a24757e649bbad33a83df8497763_1547552802635__UDF43_9ck; s_getNewRepeat=1547552805936-Repeat; PHPSESSID=m2aboc18luhiv6nhfcnc4uo5cm; user_info=think%3A%7B%22id%22%3A%221%22%2C%22username%22%3A%22admin%22%2C%22password%22%3A%22bf280d5433553d3541c5381f24852c08%22%2C%22role_id%22%3A%221%22%7D',
)
[ info ] [ PARAM ] array (
)
[ info ] [ DB ] INIT mysql
[ info ] [ RUN ] app\admin\controller\Goods->add[ /Users/dylan/PHP/Project/shop/application/admin/controller/Goods.php ]
[ info ] [ VIEW ] /Users/dylan/PHP/Project/shop/public/../application/admin/view/goods/add.html [ array (
  0 => 'type',
  1 => 'category',
) ]
[ info ] [ SESSION ] INIT array (
  'id' => '',
  'var_session_id' => '',
  'prefix' => 'think',
  'type' => 'redis',
  'auto_start' => true,
)
[ info ] [ LOG ] INIT File
[ sql ] [ DB ] CONNECT:[ UseTime:0.000688s ] mysql:host=127.0.0.1;port=3306;dbname=shop;charset=utf8
[ sql ] [ SQL ] SHOW COLUMNS FROM `shop_role` [ RunTime:0.001224s ]
[ sql ] [ SQL ] SELECT * FROM `shop_role` WHERE  `id` = 1 LIMIT 1 [ RunTime:0.000436s ]
[ sql ] [ SQL ] SHOW COLUMNS FROM `shop_rule` [ RunTime:0.001168s ]
[ sql ] [ SQL ] SELECT * FROM `shop_rule` [ RunTime:0.000528s ]
[ sql ] [ SQL ] SHOW COLUMNS FROM `shop_type` [ RunTime:0.001206s ]
[ sql ] [ SQL ] SELECT * FROM `shop_type` [ RunTime:0.000420s ]
[ sql ] [ SQL ] SHOW COLUMNS FROM `shop_category` [ RunTime:0.001821s ]
[ sql ] [ SQL ] SELECT * FROM `shop_category` [ RunTime:0.000504s ]
---------------------------------------------------------------
[ 2019-01-18T21:45:45+08:00 ] 127.0.0.1 127.0.0.1 GET /index.php/admin/login/index.html
[ info ] shop.com/index.php/admin/login/index.html [运行时间：0.036710s][吞吐率：27.24req/s] [内存消耗：1,809.41kb] [文件加载：48]
[ info ] [ LANG ] /Users/dylan/PHP/Project/shop/thinkphp/lang/zh-cn.php
[ info ] [ ROUTE ] array (
  'type' => 'module',
  'module' => 
  array (
    0 => 'admin',
    1 => 'login',
    2 => 'index',
  ),
)
[ info ] [ HEADER ] array (
  'host' => 'shop.com',
  'connection' => 'keep-alive',
  'pragma' => 'no-cache',
  'cache-control' => 'no-cache',
  'upgrade-insecure-requests' => '1',
  'user-agent' => 'Mozilla/5.0 (Macintosh; Intel Mac OS X 10_14_2) AppleWebKit/537.36 (KHTML, like Gecko) Chrome/71.0.3578.98 Safari/537.36',
  'accept' => 'text/html,application/xhtml+xml,application/xml;q=0.9,image/webp,image/apng,*/*;q=0.8',
  'accept-encoding' => 'gzip, deflate',
  'accept-language' => 'zh-CN,zh;q=0.9',
  'cookie' => '_abck=3396206387DF9DACF621D715DB72680ADB4C0E06EC740000BD7A3D5CED029402~-1~7tMf4363R9iVyTIyx7o16nIbHjXNn78D5tNOqAMU0cQ=~-1~-1; LAST_CCSYN=260; AMID=3516259495; _ga=GA1.2.1253177425.1547532995; ftr_ncd=6; _caid=495845ec-f19a-4242-b906-321b83658a89; AMCV_127B38B3527845B30A490D4C%40AdobeOrg=1099438348%7CMCIDTS%7C17912%7CMCMID%7C69607573363350417163994856205269040804%7CMCAAMLH-1548137795%7C11%7CMCAAMB-1548137795%7CRKhpRz8krg2tLO6pguXWp5olkAcUniQYPHaMWWgdJ3xzPWQmdj0y%7CMCOPTOUT-1547540195s%7CNONE%7CMCAID%7CNONE%7CMCSYNCSOP%7C411-17919%7CvVersion%7C2.1.0; s_fid=716E0F5041C00972-324DC04A1E160255; s_vi=[CS]v1|2E1ED2E1052A0C9D-4000010A200026BB[CE]; mbox=PC#7062ab40a16e4c8b93c7da050aa7f351.22_2#1555328802|session#fa3690e24ecf4214b6550468f9d9c8a7#1547554662|check#true#1547552862; utag_main=v_id:016850278863000be1d9ca0f7ddd03078003507000ac2$_sn:4$_ss:0$_st:1547554602037$vapi_domain:shop.com$_pn:2%3Bexp-session$ses_id:1547551832377%3Bexp-session; forterToken=45b3a24757e649bbad33a83df8497763_1547552802635__UDF43_9ck; s_getNewRepeat=1547552805936-Repeat; PHPSESSID=m2aboc18luhiv6nhfcnc4uo5cm; user_info=think%3A%7B%22id%22%3A%221%22%2C%22username%22%3A%22admin%22%2C%22password%22%3A%22bf280d5433553d3541c5381f24852c08%22%2C%22role_id%22%3A%221%22%7D',
)
[ info ] [ PARAM ] array (
)
[ info ] [ RUN ] app\admin\controller\Login->index[ /Users/dylan/PHP/Project/shop/application/admin/controller/Login.php ]
[ info ] [ VIEW ] /Users/dylan/PHP/Project/shop/public/../application/admin/view/login/index.html [ array (
) ]
[ info ] [ LOG ] INIT File
---------------------------------------------------------------
[ 2019-01-18T21:45:45+08:00 ] 127.0.0.1 127.0.0.1 GET /index.php/admin/login/makecaptcha.html
[ info ] shop.com/index.php/admin/login/makecaptcha.html [运行时间：0.027851s][吞吐率：35.91req/s] [内存消耗：1,716.24kb] [文件加载：48]
[ info ] [ LANG ] /Users/dylan/PHP/Project/shop/thinkphp/lang/zh-cn.php
[ info ] [ ROUTE ] array (
  'type' => 'module',
  'module' => 
  array (
    0 => 'admin',
    1 => 'login',
    2 => 'makecaptcha',
  ),
)
[ info ] [ HEADER ] array (
  'host' => 'shop.com',
  'connection' => 'keep-alive',
  'pragma' => 'no-cache',
  'cache-control' => 'no-cache',
  'user-agent' => 'Mozilla/5.0 (Macintosh; Intel Mac OS X 10_14_2) AppleWebKit/537.36 (KHTML, like Gecko) Chrome/71.0.3578.98 Safari/537.36',
  'accept' => 'image/webp,image/apng,image/*,*/*;q=0.8',
  'referer' => 'http://shop.com/index.php/admin/login/index.html',
  'accept-encoding' => 'gzip, deflate',
  'accept-language' => 'zh-CN,zh;q=0.9',
  'cookie' => '_abck=3396206387DF9DACF621D715DB72680ADB4C0E06EC740000BD7A3D5CED029402~-1~7tMf4363R9iVyTIyx7o16nIbHjXNn78D5tNOqAMU0cQ=~-1~-1; LAST_CCSYN=260; AMID=3516259495; _ga=GA1.2.1253177425.1547532995; ftr_ncd=6; _caid=495845ec-f19a-4242-b906-321b83658a89; AMCV_127B38B3527845B30A490D4C%40AdobeOrg=1099438348%7CMCIDTS%7C17912%7CMCMID%7C69607573363350417163994856205269040804%7CMCAAMLH-1548137795%7C11%7CMCAAMB-1548137795%7CRKhpRz8krg2tLO6pguXWp5olkAcUniQYPHaMWWgdJ3xzPWQmdj0y%7CMCOPTOUT-1547540195s%7CNONE%7CMCAID%7CNONE%7CMCSYNCSOP%7C411-17919%7CvVersion%7C2.1.0; s_fid=716E0F5041C00972-324DC04A1E160255; s_vi=[CS]v1|2E1ED2E1052A0C9D-4000010A200026BB[CE]; mbox=PC#7062ab40a16e4c8b93c7da050aa7f351.22_2#1555328802|session#fa3690e24ecf4214b6550468f9d9c8a7#1547554662|check#true#1547552862; utag_main=v_id:016850278863000be1d9ca0f7ddd03078003507000ac2$_sn:4$_ss:0$_st:1547554602037$vapi_domain:shop.com$_pn:2%3Bexp-session$ses_id:1547551832377%3Bexp-session; forterToken=45b3a24757e649bbad33a83df8497763_1547552802635__UDF43_9ck; s_getNewRepeat=1547552805936-Repeat; PHPSESSID=m2aboc18luhiv6nhfcnc4uo5cm; user_info=think%3A%7B%22id%22%3A%221%22%2C%22username%22%3A%22admin%22%2C%22password%22%3A%22bf280d5433553d3541c5381f24852c08%22%2C%22role_id%22%3A%221%22%7D',
)
[ info ] [ PARAM ] array (
)
[ info ] [ RUN ] app\admin\controller\Login->makeCaptcha[ /Users/dylan/PHP/Project/shop/application/admin/controller/Login.php ]
[ info ] [ LOG ] INIT File
[ error ] [0]致命错误: Call to undefined function think\captcha\imagettftext()[/Users/dylan/PHP/Project/shop/vendor/topthink/think-captcha/src/Captcha.php:191]
---------------------------------------------------------------
[ 2019-01-18T22:53:22+08:00 ] 127.0.0.1 127.0.0.1 POST /index.php/admin/login/index.html
[ info ] shop.com/index.php/admin/login/index.html [运行时间：0.033106s][吞吐率：30.21req/s] [内存消耗：2,784.86kb] [文件加载：59]
[ info ] [ LANG ] /Users/dylan/PHP/Project/shop/thinkphp/lang/zh-cn.php
[ info ] [ ROUTE ] array (
  'type' => 'module',
  'module' => 
  array (
    0 => 'admin',
    1 => 'login',
    2 => 'index',
  ),
)
[ info ] [ HEADER ] array (
  'host' => 'shop.com',
  'connection' => 'keep-alive',
  'content-length' => '42',
  'cache-control' => 'max-age=0',
  'origin' => 'http://shop.com',
  'upgrade-insecure-requests' => '1',
  'content-type' => 'application/x-www-form-urlencoded',
  'user-agent' => 'Mozilla/5.0 (Macintosh; Intel Mac OS X 10_14_2) AppleWebKit/537.36 (KHTML, like Gecko) Chrome/71.0.3578.98 Safari/537.36',
  'accept' => 'text/html,application/xhtml+xml,application/xml;q=0.9,image/webp,image/apng,*/*;q=0.8',
  'referer' => 'http://shop.com/index.php/admin/login/index.html',
  'accept-encoding' => 'gzip, deflate',
  'accept-language' => 'zh-CN,zh;q=0.9',
  'cookie' => '_abck=3396206387DF9DACF621D715DB72680ADB4C0E06EC740000BD7A3D5CED029402~-1~7tMf4363R9iVyTIyx7o16nIbHjXNn78D5tNOqAMU0cQ=~-1~-1; LAST_CCSYN=260; AMID=3516259495; _ga=GA1.2.1253177425.1547532995; ftr_ncd=6; _caid=495845ec-f19a-4242-b906-321b83658a89; AMCV_127B38B3527845B30A490D4C%40AdobeOrg=1099438348%7CMCIDTS%7C17912%7CMCMID%7C69607573363350417163994856205269040804%7CMCAAMLH-1548137795%7C11%7CMCAAMB-1548137795%7CRKhpRz8krg2tLO6pguXWp5olkAcUniQYPHaMWWgdJ3xzPWQmdj0y%7CMCOPTOUT-1547540195s%7CNONE%7CMCAID%7CNONE%7CMCSYNCSOP%7C411-17919%7CvVersion%7C2.1.0; s_fid=716E0F5041C00972-324DC04A1E160255; s_vi=[CS]v1|2E1ED2E1052A0C9D-4000010A200026BB[CE]; mbox=PC#7062ab40a16e4c8b93c7da050aa7f351.22_2#1555328802|session#fa3690e24ecf4214b6550468f9d9c8a7#1547554662|check#true#1547552862; utag_main=v_id:016850278863000be1d9ca0f7ddd03078003507000ac2$_sn:4$_ss:0$_st:1547554602037$vapi_domain:shop.com$_pn:2%3Bexp-session$ses_id:1547551832377%3Bexp-session; forterToken=45b3a24757e649bbad33a83df8497763_1547552802635__UDF43_9ck; s_getNewRepeat=1547552805936-Repeat; PHPSESSID=m2aboc18luhiv6nhfcnc4uo5cm; user_info=think%3A%7B%22id%22%3A%221%22%2C%22username%22%3A%22admin%22%2C%22password%22%3A%22bf280d5433553d3541c5381f24852c08%22%2C%22role_id%22%3A%221%22%7D',
)
[ info ] [ PARAM ] array (
  'username' => 'admin',
  'password' => 'xu6218653',
  'captcha' => '',
)
[ info ] [ RUN ] app\admin\controller\Login->index[ /Users/dylan/PHP/Project/shop/application/admin/controller/Login.php ]
[ info ] [ DB ] INIT mysql
[ info ] [ VIEW ] /Users/dylan/PHP/Project/shop/thinkphp/tpl/dispatch_jump.tpl [ array (
  0 => 'code',
  1 => 'msg',
  2 => 'data',
  3 => 'url',
  4 => 'wait',
) ]
[ info ] [ LOG ] INIT File
[ sql ] [ DB ] CONNECT:[ UseTime:0.000486s ] mysql:host=127.0.0.1;port=3306;dbname=shop;charset=utf8
[ sql ] [ SQL ] SHOW COLUMNS FROM `shop_admin` [ RunTime:0.001180s ]
[ sql ] [ SQL ] SELECT * FROM `shop_admin` WHERE  `username` = 'admin'  AND `password` = 'bf280d5433553d3541c5381f24852c08' LIMIT 1 [ RunTime:0.000372s ]
---------------------------------------------------------------
[ 2019-01-18T22:53:23+08:00 ] 127.0.0.1 127.0.0.1 GET /index.php/admin/index/index.html
[ info ] shop.com/index.php/admin/index/index.html [运行时间：0.028707s][吞吐率：34.83req/s] [内存消耗：2,555.41kb] [文件加载：57]
[ info ] [ LANG ] /Users/dylan/PHP/Project/shop/thinkphp/lang/zh-cn.php
[ info ] [ ROUTE ] array (
  'type' => 'module',
  'module' => 
  array (
    0 => 'admin',
    1 => 'index',
    2 => 'index',
  ),
)
[ info ] [ HEADER ] array (
  'host' => 'shop.com',
  'connection' => 'keep-alive',
  'upgrade-insecure-requests' => '1',
  'user-agent' => 'Mozilla/5.0 (Macintosh; Intel Mac OS X 10_14_2) AppleWebKit/537.36 (KHTML, like Gecko) Chrome/71.0.3578.98 Safari/537.36',
  'accept' => 'text/html,application/xhtml+xml,application/xml;q=0.9,image/webp,image/apng,*/*;q=0.8',
  'referer' => 'http://shop.com/index.php/admin/login/index.html',
  'accept-encoding' => 'gzip, deflate',
  'accept-language' => 'zh-CN,zh;q=0.9',
  'cookie' => '_abck=3396206387DF9DACF621D715DB72680ADB4C0E06EC740000BD7A3D5CED029402~-1~7tMf4363R9iVyTIyx7o16nIbHjXNn78D5tNOqAMU0cQ=~-1~-1; LAST_CCSYN=260; AMID=3516259495; _ga=GA1.2.1253177425.1547532995; ftr_ncd=6; _caid=495845ec-f19a-4242-b906-321b83658a89; AMCV_127B38B3527845B30A490D4C%40AdobeOrg=1099438348%7CMCIDTS%7C17912%7CMCMID%7C69607573363350417163994856205269040804%7CMCAAMLH-1548137795%7C11%7CMCAAMB-1548137795%7CRKhpRz8krg2tLO6pguXWp5olkAcUniQYPHaMWWgdJ3xzPWQmdj0y%7CMCOPTOUT-1547540195s%7CNONE%7CMCAID%7CNONE%7CMCSYNCSOP%7C411-17919%7CvVersion%7C2.1.0; s_fid=716E0F5041C00972-324DC04A1E160255; s_vi=[CS]v1|2E1ED2E1052A0C9D-4000010A200026BB[CE]; mbox=PC#7062ab40a16e4c8b93c7da050aa7f351.22_2#1555328802|session#fa3690e24ecf4214b6550468f9d9c8a7#1547554662|check#true#1547552862; utag_main=v_id:016850278863000be1d9ca0f7ddd03078003507000ac2$_sn:4$_ss:0$_st:1547554602037$vapi_domain:shop.com$_pn:2%3Bexp-session$ses_id:1547551832377%3Bexp-session; forterToken=45b3a24757e649bbad33a83df8497763_1547552802635__UDF43_9ck; s_getNewRepeat=1547552805936-Repeat; PHPSESSID=m2aboc18luhiv6nhfcnc4uo5cm; user_info=think%3A%7B%22id%22%3A%221%22%2C%22username%22%3A%22admin%22%2C%22password%22%3A%22bf280d5433553d3541c5381f24852c08%22%2C%22role_id%22%3A%221%22%7D',
)
[ info ] [ PARAM ] array (
)
[ info ] [ DB ] INIT mysql
[ info ] [ RUN ] app\admin\controller\Index->index[ /Users/dylan/PHP/Project/shop/application/admin/controller/Index.php ]
[ info ] [ VIEW ] /Users/dylan/PHP/Project/shop/public/../application/admin/view/index/index.html [ array (
) ]
[ info ] [ LOG ] INIT File
[ sql ] [ DB ] CONNECT:[ UseTime:0.000524s ] mysql:host=127.0.0.1;port=3306;dbname=shop;charset=utf8
[ sql ] [ SQL ] SHOW COLUMNS FROM `shop_role` [ RunTime:0.001094s ]
[ sql ] [ SQL ] SELECT * FROM `shop_role` WHERE  `id` = 1 LIMIT 1 [ RunTime:0.001147s ]
[ sql ] [ SQL ] SHOW COLUMNS FROM `shop_rule` [ RunTime:0.000988s ]
[ sql ] [ SQL ] SELECT * FROM `shop_rule` [ RunTime:0.000416s ]
---------------------------------------------------------------
[ 2019-01-18T22:53:23+08:00 ] 127.0.0.1 127.0.0.1 GET /index.php/admin/index/top.html
[ info ] shop.com/index.php/admin/index/top.html [运行时间：0.026202s][吞吐率：38.17req/s] [内存消耗：2,564.18kb] [文件加载：57]
[ info ] [ LANG ] /Users/dylan/PHP/Project/shop/thinkphp/lang/zh-cn.php
[ info ] [ ROUTE ] array (
  'type' => 'module',
  'module' => 
  array (
    0 => 'admin',
    1 => 'index',
    2 => 'top',
  ),
)
[ info ] [ HEADER ] array (
  'host' => 'shop.com',
  'connection' => 'keep-alive',
  'upgrade-insecure-requests' => '1',
  'user-agent' => 'Mozilla/5.0 (Macintosh; Intel Mac OS X 10_14_2) AppleWebKit/537.36 (KHTML, like Gecko) Chrome/71.0.3578.98 Safari/537.36',
  'accept' => 'text/html,application/xhtml+xml,application/xml;q=0.9,image/webp,image/apng,*/*;q=0.8',
  'referer' => 'http://shop.com/index.php/admin/index/index.html',
  'accept-encoding' => 'gzip, deflate',
  'accept-language' => 'zh-CN,zh;q=0.9',
  'cookie' => '_abck=3396206387DF9DACF621D715DB72680ADB4C0E06EC740000BD7A3D5CED029402~-1~7tMf4363R9iVyTIyx7o16nIbHjXNn78D5tNOqAMU0cQ=~-1~-1; LAST_CCSYN=260; AMID=3516259495; _ga=GA1.2.1253177425.1547532995; ftr_ncd=6; _caid=495845ec-f19a-4242-b906-321b83658a89; AMCV_127B38B3527845B30A490D4C%40AdobeOrg=1099438348%7CMCIDTS%7C17912%7CMCMID%7C69607573363350417163994856205269040804%7CMCAAMLH-1548137795%7C11%7CMCAAMB-1548137795%7CRKhpRz8krg2tLO6pguXWp5olkAcUniQYPHaMWWgdJ3xzPWQmdj0y%7CMCOPTOUT-1547540195s%7CNONE%7CMCAID%7CNONE%7CMCSYNCSOP%7C411-17919%7CvVersion%7C2.1.0; s_fid=716E0F5041C00972-324DC04A1E160255; s_vi=[CS]v1|2E1ED2E1052A0C9D-4000010A200026BB[CE]; mbox=PC#7062ab40a16e4c8b93c7da050aa7f351.22_2#1555328802|session#fa3690e24ecf4214b6550468f9d9c8a7#1547554662|check#true#1547552862; utag_main=v_id:016850278863000be1d9ca0f7ddd03078003507000ac2$_sn:4$_ss:0$_st:1547554602037$vapi_domain:shop.com$_pn:2%3Bexp-session$ses_id:1547551832377%3Bexp-session; forterToken=45b3a24757e649bbad33a83df8497763_1547552802635__UDF43_9ck; s_getNewRepeat=1547552805936-Repeat; PHPSESSID=m2aboc18luhiv6nhfcnc4uo5cm; user_info=think%3A%7B%22id%22%3A%221%22%2C%22username%22%3A%22admin%22%2C%22password%22%3A%22bf280d5433553d3541c5381f24852c08%22%2C%22role_id%22%3A%221%22%7D',
)
[ info ] [ PARAM ] array (
)
[ info ] [ DB ] INIT mysql
[ info ] [ RUN ] app\admin\controller\Index->top[ /Users/dylan/PHP/Project/shop/application/admin/controller/Index.php ]
[ info ] [ VIEW ] /Users/dylan/PHP/Project/shop/public/../application/admin/view/index/top.html [ array (
) ]
[ info ] [ LOG ] INIT File
[ sql ] [ DB ] CONNECT:[ UseTime:0.000492s ] mysql:host=127.0.0.1;port=3306;dbname=shop;charset=utf8
[ sql ] [ SQL ] SHOW COLUMNS FROM `shop_role` [ RunTime:0.001077s ]
[ sql ] [ SQL ] SELECT * FROM `shop_role` WHERE  `id` = 1 LIMIT 1 [ RunTime:0.000415s ]
[ sql ] [ SQL ] SHOW COLUMNS FROM `shop_rule` [ RunTime:0.000972s ]
[ sql ] [ SQL ] SELECT * FROM `shop_rule` [ RunTime:0.000319s ]
---------------------------------------------------------------
[ 2019-01-18T22:53:23+08:00 ] 127.0.0.1 127.0.0.1 GET /index.php/admin/index/main.html
[ info ] shop.com/index.php/admin/index/main.html [运行时间：0.036815s][吞吐率：27.16req/s] [内存消耗：2,524.86kb] [文件加载：56]
[ info ] [ LANG ] /Users/dylan/PHP/Project/shop/thinkphp/lang/zh-cn.php
[ info ] [ ROUTE ] array (
  'type' => 'module',
  'module' => 
  array (
    0 => 'admin',
    1 => 'index',
    2 => 'main',
  ),
)
[ info ] [ HEADER ] array (
  'host' => 'shop.com',
  'connection' => 'keep-alive',
  'upgrade-insecure-requests' => '1',
  'user-agent' => 'Mozilla/5.0 (Macintosh; Intel Mac OS X 10_14_2) AppleWebKit/537.36 (KHTML, like Gecko) Chrome/71.0.3578.98 Safari/537.36',
  'accept' => 'text/html,application/xhtml+xml,application/xml;q=0.9,image/webp,image/apng,*/*;q=0.8',
  'referer' => 'http://shop.com/index.php/admin/index/index.html',
  'accept-encoding' => 'gzip, deflate',
  'accept-language' => 'zh-CN,zh;q=0.9',
  'cookie' => '_abck=3396206387DF9DACF621D715DB72680ADB4C0E06EC740000BD7A3D5CED029402~-1~7tMf4363R9iVyTIyx7o16nIbHjXNn78D5tNOqAMU0cQ=~-1~-1; LAST_CCSYN=260; AMID=3516259495; _ga=GA1.2.1253177425.1547532995; ftr_ncd=6; _caid=495845ec-f19a-4242-b906-321b83658a89; AMCV_127B38B3527845B30A490D4C%40AdobeOrg=1099438348%7CMCIDTS%7C17912%7CMCMID%7C69607573363350417163994856205269040804%7CMCAAMLH-1548137795%7C11%7CMCAAMB-1548137795%7CRKhpRz8krg2tLO6pguXWp5olkAcUniQYPHaMWWgdJ3xzPWQmdj0y%7CMCOPTOUT-1547540195s%7CNONE%7CMCAID%7CNONE%7CMCSYNCSOP%7C411-17919%7CvVersion%7C2.1.0; s_fid=716E0F5041C00972-324DC04A1E160255; s_vi=[CS]v1|2E1ED2E1052A0C9D-4000010A200026BB[CE]; mbox=PC#7062ab40a16e4c8b93c7da050aa7f351.22_2#1555328802|session#fa3690e24ecf4214b6550468f9d9c8a7#1547554662|check#true#1547552862; utag_main=v_id:016850278863000be1d9ca0f7ddd03078003507000ac2$_sn:4$_ss:0$_st:1547554602037$vapi_domain:shop.com$_pn:2%3Bexp-session$ses_id:1547551832377%3Bexp-session; forterToken=45b3a24757e649bbad33a83df8497763_1547552802635__UDF43_9ck; s_getNewRepeat=1547552805936-Repeat; PHPSESSID=m2aboc18luhiv6nhfcnc4uo5cm; user_info=think%3A%7B%22id%22%3A%221%22%2C%22username%22%3A%22admin%22%2C%22password%22%3A%22bf280d5433553d3541c5381f24852c08%22%2C%22role_id%22%3A%221%22%7D',
)
[ info ] [ PARAM ] array (
)
[ info ] [ DB ] INIT mysql
[ info ] [ RUN ] app\admin\controller\Index->main[ /Users/dylan/PHP/Project/shop/application/admin/controller/Index.php ]
[ info ] [ VIEW ] /Users/dylan/PHP/Project/shop/public/../application/admin/view/index/main.html [ array (
) ]
[ info ] [ LOG ] INIT File
[ sql ] [ DB ] CONNECT:[ UseTime:0.000446s ] mysql:host=127.0.0.1;port=3306;dbname=shop;charset=utf8
[ sql ] [ SQL ] SHOW COLUMNS FROM `shop_role` [ RunTime:0.000945s ]
[ sql ] [ SQL ] SELECT * FROM `shop_role` WHERE  `id` = 1 LIMIT 1 [ RunTime:0.000318s ]
[ sql ] [ SQL ] SHOW COLUMNS FROM `shop_rule` [ RunTime:0.000925s ]
[ sql ] [ SQL ] SELECT * FROM `shop_rule` [ RunTime:0.000453s ]
---------------------------------------------------------------
[ 2019-01-18T22:53:23+08:00 ] 127.0.0.1 127.0.0.1 GET /index.php/admin/index/menu.html
[ info ] shop.com/index.php/admin/index/menu.html [运行时间：0.038281s][吞吐率：26.12req/s] [内存消耗：2,591.88kb] [文件加载：57]
[ info ] [ LANG ] /Users/dylan/PHP/Project/shop/thinkphp/lang/zh-cn.php
[ info ] [ ROUTE ] array (
  'type' => 'module',
  'module' => 
  array (
    0 => 'admin',
    1 => 'index',
    2 => 'menu',
  ),
)
[ info ] [ HEADER ] array (
  'host' => 'shop.com',
  'connection' => 'keep-alive',
  'upgrade-insecure-requests' => '1',
  'user-agent' => 'Mozilla/5.0 (Macintosh; Intel Mac OS X 10_14_2) AppleWebKit/537.36 (KHTML, like Gecko) Chrome/71.0.3578.98 Safari/537.36',
  'accept' => 'text/html,application/xhtml+xml,application/xml;q=0.9,image/webp,image/apng,*/*;q=0.8',
  'referer' => 'http://shop.com/index.php/admin/index/index.html',
  'accept-encoding' => 'gzip, deflate',
  'accept-language' => 'zh-CN,zh;q=0.9',
  'cookie' => '_abck=3396206387DF9DACF621D715DB72680ADB4C0E06EC740000BD7A3D5CED029402~-1~7tMf4363R9iVyTIyx7o16nIbHjXNn78D5tNOqAMU0cQ=~-1~-1; LAST_CCSYN=260; AMID=3516259495; _ga=GA1.2.1253177425.1547532995; ftr_ncd=6; _caid=495845ec-f19a-4242-b906-321b83658a89; AMCV_127B38B3527845B30A490D4C%40AdobeOrg=1099438348%7CMCIDTS%7C17912%7CMCMID%7C69607573363350417163994856205269040804%7CMCAAMLH-1548137795%7C11%7CMCAAMB-1548137795%7CRKhpRz8krg2tLO6pguXWp5olkAcUniQYPHaMWWgdJ3xzPWQmdj0y%7CMCOPTOUT-1547540195s%7CNONE%7CMCAID%7CNONE%7CMCSYNCSOP%7C411-17919%7CvVersion%7C2.1.0; s_fid=716E0F5041C00972-324DC04A1E160255; s_vi=[CS]v1|2E1ED2E1052A0C9D-4000010A200026BB[CE]; mbox=PC#7062ab40a16e4c8b93c7da050aa7f351.22_2#1555328802|session#fa3690e24ecf4214b6550468f9d9c8a7#1547554662|check#true#1547552862; utag_main=v_id:016850278863000be1d9ca0f7ddd03078003507000ac2$_sn:4$_ss:0$_st:1547554602037$vapi_domain:shop.com$_pn:2%3Bexp-session$ses_id:1547551832377%3Bexp-session; forterToken=45b3a24757e649bbad33a83df8497763_1547552802635__UDF43_9ck; s_getNewRepeat=1547552805936-Repeat; PHPSESSID=m2aboc18luhiv6nhfcnc4uo5cm; user_info=think%3A%7B%22id%22%3A%221%22%2C%22username%22%3A%22admin%22%2C%22password%22%3A%22bf280d5433553d3541c5381f24852c08%22%2C%22role_id%22%3A%221%22%7D',
)
[ info ] [ PARAM ] array (
)
[ info ] [ DB ] INIT mysql
[ info ] [ RUN ] app\admin\controller\Index->menu[ /Users/dylan/PHP/Project/shop/application/admin/controller/Index.php ]
[ info ] [ VIEW ] /Users/dylan/PHP/Project/shop/public/../application/admin/view/index/menu.html [ array (
  0 => 'menus',
) ]
[ info ] [ LOG ] INIT File
[ sql ] [ DB ] CONNECT:[ UseTime:0.000371s ] mysql:host=127.0.0.1;port=3306;dbname=shop;charset=utf8
[ sql ] [ SQL ] SHOW COLUMNS FROM `shop_role` [ RunTime:0.000870s ]
[ sql ] [ SQL ] SELECT * FROM `shop_role` WHERE  `id` = 1 LIMIT 1 [ RunTime:0.000318s ]
[ sql ] [ SQL ] SHOW COLUMNS FROM `shop_rule` [ RunTime:0.000992s ]
[ sql ] [ SQL ] SELECT * FROM `shop_rule` [ RunTime:0.000374s ]
---------------------------------------------------------------
[ 2019-01-18T22:53:27+08:00 ] 127.0.0.1 127.0.0.1 GET /index.php/admin/goods/add.html
[ info ] shop.com/index.php/admin/goods/add.html [运行时间：0.031680s][吞吐率：31.57req/s] [内存消耗：2,719.27kb] [文件加载：58]
[ info ] [ LANG ] /Users/dylan/PHP/Project/shop/thinkphp/lang/zh-cn.php
[ info ] [ ROUTE ] array (
  'type' => 'module',
  'module' => 
  array (
    0 => 'admin',
    1 => 'goods',
    2 => 'add',
  ),
)
[ info ] [ HEADER ] array (
  'host' => 'shop.com',
  'connection' => 'keep-alive',
  'upgrade-insecure-requests' => '1',
  'user-agent' => 'Mozilla/5.0 (Macintosh; Intel Mac OS X 10_14_2) AppleWebKit/537.36 (KHTML, like Gecko) Chrome/71.0.3578.98 Safari/537.36',
  'accept' => 'text/html,application/xhtml+xml,application/xml;q=0.9,image/webp,image/apng,*/*;q=0.8',
  'referer' => 'http://shop.com/index.php/admin/index/menu.html',
  'accept-encoding' => 'gzip, deflate',
  'accept-language' => 'zh-CN,zh;q=0.9',
  'cookie' => '_abck=3396206387DF9DACF621D715DB72680ADB4C0E06EC740000BD7A3D5CED029402~-1~7tMf4363R9iVyTIyx7o16nIbHjXNn78D5tNOqAMU0cQ=~-1~-1; LAST_CCSYN=260; AMID=3516259495; _ga=GA1.2.1253177425.1547532995; ftr_ncd=6; _caid=495845ec-f19a-4242-b906-321b83658a89; AMCV_127B38B3527845B30A490D4C%40AdobeOrg=1099438348%7CMCIDTS%7C17912%7CMCMID%7C69607573363350417163994856205269040804%7CMCAAMLH-1548137795%7C11%7CMCAAMB-1548137795%7CRKhpRz8krg2tLO6pguXWp5olkAcUniQYPHaMWWgdJ3xzPWQmdj0y%7CMCOPTOUT-1547540195s%7CNONE%7CMCAID%7CNONE%7CMCSYNCSOP%7C411-17919%7CvVersion%7C2.1.0; s_fid=716E0F5041C00972-324DC04A1E160255; s_vi=[CS]v1|2E1ED2E1052A0C9D-4000010A200026BB[CE]; mbox=PC#7062ab40a16e4c8b93c7da050aa7f351.22_2#1555328802|session#fa3690e24ecf4214b6550468f9d9c8a7#1547554662|check#true#1547552862; utag_main=v_id:016850278863000be1d9ca0f7ddd03078003507000ac2$_sn:4$_ss:0$_st:1547554602037$vapi_domain:shop.com$_pn:2%3Bexp-session$ses_id:1547551832377%3Bexp-session; forterToken=45b3a24757e649bbad33a83df8497763_1547552802635__UDF43_9ck; s_getNewRepeat=1547552805936-Repeat; PHPSESSID=m2aboc18luhiv6nhfcnc4uo5cm; user_info=think%3A%7B%22id%22%3A%221%22%2C%22username%22%3A%22admin%22%2C%22password%22%3A%22bf280d5433553d3541c5381f24852c08%22%2C%22role_id%22%3A%221%22%7D',
)
[ info ] [ PARAM ] array (
)
[ info ] [ DB ] INIT mysql
[ info ] [ RUN ] app\admin\controller\Goods->add[ /Users/dylan/PHP/Project/shop/application/admin/controller/Goods.php ]
[ info ] [ VIEW ] /Users/dylan/PHP/Project/shop/public/../application/admin/view/goods/add.html [ array (
  0 => 'type',
  1 => 'category',
) ]
[ info ] [ SESSION ] INIT array (
  'id' => '',
  'var_session_id' => '',
  'prefix' => 'think',
  'type' => 'redis',
  'auto_start' => true,
)
[ info ] [ LOG ] INIT File
[ sql ] [ DB ] CONNECT:[ UseTime:0.000475s ] mysql:host=127.0.0.1;port=3306;dbname=shop;charset=utf8
[ sql ] [ SQL ] SHOW COLUMNS FROM `shop_role` [ RunTime:0.001080s ]
[ sql ] [ SQL ] SELECT * FROM `shop_role` WHERE  `id` = 1 LIMIT 1 [ RunTime:0.000367s ]
[ sql ] [ SQL ] SHOW COLUMNS FROM `shop_rule` [ RunTime:0.001028s ]
[ sql ] [ SQL ] SELECT * FROM `shop_rule` [ RunTime:0.000344s ]
[ sql ] [ SQL ] SHOW COLUMNS FROM `shop_type` [ RunTime:0.000806s ]
[ sql ] [ SQL ] SELECT * FROM `shop_type` [ RunTime:0.000342s ]
[ sql ] [ SQL ] SHOW COLUMNS FROM `shop_category` [ RunTime:0.000815s ]
[ sql ] [ SQL ] SELECT * FROM `shop_category` [ RunTime:0.000278s ]
---------------------------------------------------------------
[ 2019-01-18T22:57:11+08:00 ] 127.0.0.1 127.0.0.1 GET /index.php/admin/admin/index.html
[ info ] shop.com/index.php/admin/admin/index.html [运行时间：0.030901s][吞吐率：32.36req/s] [内存消耗：2,570.41kb] [文件加载：57]
[ info ] [ LANG ] /Users/dylan/PHP/Project/shop/thinkphp/lang/zh-cn.php
[ info ] [ ROUTE ] array (
  'type' => 'module',
  'module' => 
  array (
    0 => 'admin',
    1 => 'admin',
    2 => 'index',
  ),
)
[ info ] [ HEADER ] array (
  'host' => 'shop.com',
  'connection' => 'keep-alive',
  'upgrade-insecure-requests' => '1',
  'user-agent' => 'Mozilla/5.0 (Macintosh; Intel Mac OS X 10_14_2) AppleWebKit/537.36 (KHTML, like Gecko) Chrome/71.0.3578.98 Safari/537.36',
  'accept' => 'text/html,application/xhtml+xml,application/xml;q=0.9,image/webp,image/apng,*/*;q=0.8',
  'accept-encoding' => 'gzip, deflate',
  'accept-language' => 'zh-CN,zh;q=0.9',
  'cookie' => '_abck=3396206387DF9DACF621D715DB72680ADB4C0E06EC740000BD7A3D5CED029402~-1~7tMf4363R9iVyTIyx7o16nIbHjXNn78D5tNOqAMU0cQ=~-1~-1; LAST_CCSYN=260; AMID=3516259495; _ga=GA1.2.1253177425.1547532995; ftr_ncd=6; _caid=495845ec-f19a-4242-b906-321b83658a89; AMCV_127B38B3527845B30A490D4C%40AdobeOrg=1099438348%7CMCIDTS%7C17912%7CMCMID%7C69607573363350417163994856205269040804%7CMCAAMLH-1548137795%7C11%7CMCAAMB-1548137795%7CRKhpRz8krg2tLO6pguXWp5olkAcUniQYPHaMWWgdJ3xzPWQmdj0y%7CMCOPTOUT-1547540195s%7CNONE%7CMCAID%7CNONE%7CMCSYNCSOP%7C411-17919%7CvVersion%7C2.1.0; s_fid=716E0F5041C00972-324DC04A1E160255; s_vi=[CS]v1|2E1ED2E1052A0C9D-4000010A200026BB[CE]; mbox=PC#7062ab40a16e4c8b93c7da050aa7f351.22_2#1555328802|session#fa3690e24ecf4214b6550468f9d9c8a7#1547554662|check#true#1547552862; utag_main=v_id:016850278863000be1d9ca0f7ddd03078003507000ac2$_sn:4$_ss:0$_st:1547554602037$vapi_domain:shop.com$_pn:2%3Bexp-session$ses_id:1547551832377%3Bexp-session; forterToken=45b3a24757e649bbad33a83df8497763_1547552802635__UDF43_9ck; s_getNewRepeat=1547552805936-Repeat; PHPSESSID=m2aboc18luhiv6nhfcnc4uo5cm; user_info=think%3A%7B%22id%22%3A%221%22%2C%22username%22%3A%22admin%22%2C%22password%22%3A%22bf280d5433553d3541c5381f24852c08%22%2C%22role_id%22%3A%221%22%7D',
)
[ info ] [ PARAM ] array (
)
[ info ] [ DB ] INIT mysql
[ info ] [ RUN ] app\admin\controller\Admin->index[ /Users/dylan/PHP/Project/shop/application/admin/controller/Admin.php ]
[ info ] [ VIEW ] /Users/dylan/PHP/Project/shop/public/../application/admin/view/admin/index.html [ array (
  0 => 'info',
) ]
[ info ] [ LOG ] INIT File
[ sql ] [ DB ] CONNECT:[ UseTime:0.000482s ] mysql:host=127.0.0.1;port=3306;dbname=shop;charset=utf8
[ sql ] [ SQL ] SHOW COLUMNS FROM `shop_role` [ RunTime:0.001074s ]
[ sql ] [ SQL ] SELECT * FROM `shop_role` WHERE  `id` = 1 LIMIT 1 [ RunTime:0.001018s ]
[ sql ] [ SQL ] SHOW COLUMNS FROM `shop_rule` [ RunTime:0.000896s ]
[ sql ] [ SQL ] SELECT * FROM `shop_rule` [ RunTime:0.000360s ]
[ sql ] [ SQL ] SHOW COLUMNS FROM `shop_admin` [ RunTime:0.000849s ]
[ sql ] [ SQL ] SELECT `a`.*,`b`.`role_name` FROM `shop_admin` `a` LEFT JOIN `shop_role` `b` ON `a`.`role_id`=`b`.`id` [ RunTime:0.000380s ]
---------------------------------------------------------------
[ 2019-01-18T23:30:01+08:00 ] 127.0.0.1 127.0.0.1 GET /index.php/admin/admin/edit/id/2.html
[ info ] shop.com/index.php/admin/admin/edit/id/2.html [运行时间：0.027051s][吞吐率：36.97req/s] [内存消耗：2,520.55kb] [文件加载：56]
[ info ] [ LANG ] /Users/dylan/PHP/Project/shop/thinkphp/lang/zh-cn.php
[ info ] [ ROUTE ] array (
  'type' => 'module',
  'module' => 
  array (
    0 => 'admin',
    1 => 'admin',
    2 => 'edit',
  ),
)
[ info ] [ HEADER ] array (
  'host' => 'shop.com',
  'connection' => 'keep-alive',
  'upgrade-insecure-requests' => '1',
  'user-agent' => 'Mozilla/5.0 (Macintosh; Intel Mac OS X 10_14_2) AppleWebKit/537.36 (KHTML, like Gecko) Chrome/71.0.3578.98 Safari/537.36',
  'accept' => 'text/html,application/xhtml+xml,application/xml;q=0.9,image/webp,image/apng,*/*;q=0.8',
  'referer' => 'http://shop.com/index.php/admin/admin/index.html',
  'accept-encoding' => 'gzip, deflate',
  'accept-language' => 'zh-CN,zh;q=0.9,en;q=0.8',
  'cookie' => '_abck=3396206387DF9DACF621D715DB72680ADB4C0E06EC740000BD7A3D5CED029402~-1~7tMf4363R9iVyTIyx7o16nIbHjXNn78D5tNOqAMU0cQ=~-1~-1; LAST_CCSYN=260; AMID=3516259495; _ga=GA1.2.1253177425.1547532995; ftr_ncd=6; _caid=495845ec-f19a-4242-b906-321b83658a89; AMCV_127B38B3527845B30A490D4C%40AdobeOrg=1099438348%7CMCIDTS%7C17912%7CMCMID%7C69607573363350417163994856205269040804%7CMCAAMLH-1548137795%7C11%7CMCAAMB-1548137795%7CRKhpRz8krg2tLO6pguXWp5olkAcUniQYPHaMWWgdJ3xzPWQmdj0y%7CMCOPTOUT-1547540195s%7CNONE%7CMCAID%7CNONE%7CMCSYNCSOP%7C411-17919%7CvVersion%7C2.1.0; s_fid=716E0F5041C00972-324DC04A1E160255; s_vi=[CS]v1|2E1ED2E1052A0C9D-4000010A200026BB[CE]; mbox=PC#7062ab40a16e4c8b93c7da050aa7f351.22_2#1555328802|session#fa3690e24ecf4214b6550468f9d9c8a7#1547554662|check#true#1547552862; utag_main=v_id:016850278863000be1d9ca0f7ddd03078003507000ac2$_sn:4$_ss:0$_st:1547554602037$vapi_domain:shop.com$_pn:2%3Bexp-session$ses_id:1547551832377%3Bexp-session; forterToken=45b3a24757e649bbad33a83df8497763_1547552802635__UDF43_9ck; s_getNewRepeat=1547552805936-Repeat; PHPSESSID=m2aboc18luhiv6nhfcnc4uo5cm; user_info=think%3A%7B%22id%22%3A%221%22%2C%22username%22%3A%22admin%22%2C%22password%22%3A%22bf280d5433553d3541c5381f24852c08%22%2C%22role_id%22%3A%221%22%7D',
)
[ info ] [ PARAM ] array (
  'id' => '2',
)
[ info ] [ DB ] INIT mysql
[ info ] [ RUN ] app\admin\controller\Admin->edit[ /Users/dylan/PHP/Project/shop/application/admin/controller/Admin.php ]
[ info ] [ VIEW ] /Users/dylan/PHP/Project/shop/public/../application/admin/view/admin/edit.html [ array (
  0 => 'info',
  1 => 'role',
) ]
[ info ] [ LOG ] INIT File
[ sql ] [ DB ] CONNECT:[ UseTime:0.000456s ] mysql:host=127.0.0.1;port=3306;dbname=shop;charset=utf8
[ sql ] [ SQL ] SHOW COLUMNS FROM `shop_role` [ RunTime:0.001010s ]
[ sql ] [ SQL ] SELECT * FROM `shop_role` WHERE  `id` = 1 LIMIT 1 [ RunTime:0.000358s ]
[ sql ] [ SQL ] SHOW COLUMNS FROM `shop_rule` [ RunTime:0.000932s ]
[ sql ] [ SQL ] SELECT * FROM `shop_rule` [ RunTime:0.000369s ]
[ sql ] [ SQL ] SHOW COLUMNS FROM `shop_admin` [ RunTime:0.000890s ]
[ sql ] [ SQL ] SELECT * FROM `shop_admin` WHERE  `id` = 2 LIMIT 1 [ RunTime:0.000327s ]
[ sql ] [ SQL ] SELECT * FROM `shop_role` [ RunTime:0.000292s ]
---------------------------------------------------------------
[ 2019-01-18T23:33:23+08:00 ] 127.0.0.1 127.0.0.1 GET /index.php/admin/admin/edit/id/2.html
[ info ] shop.com/index.php/admin/admin/edit/id/2.html [运行时间：0.025413s][吞吐率：39.35req/s] [内存消耗：2,384.97kb] [文件加载：54]
[ info ] [ LANG ] /Users/dylan/PHP/Project/shop/thinkphp/lang/zh-cn.php
[ info ] [ ROUTE ] array (
  'type' => 'module',
  'module' => 
  array (
    0 => 'admin',
    1 => 'admin',
    2 => 'edit',
  ),
)
[ info ] [ HEADER ] array (
  'host' => 'shop.com',
  'connection' => 'keep-alive',
  'upgrade-insecure-requests' => '1',
  'user-agent' => 'Mozilla/5.0 (Macintosh; Intel Mac OS X 10_14_2) AppleWebKit/537.36 (KHTML, like Gecko) Chrome/71.0.3578.98 Safari/537.36',
  'accept' => 'text/html,application/xhtml+xml,application/xml;q=0.9,image/webp,image/apng,*/*;q=0.8',
  'referer' => 'http://shop.com/index.php/admin/admin/index.html',
  'accept-encoding' => 'gzip, deflate',
  'accept-language' => 'zh-CN,zh;q=0.9,en;q=0.8',
  'cookie' => '_abck=3396206387DF9DACF621D715DB72680ADB4C0E06EC740000BD7A3D5CED029402~-1~7tMf4363R9iVyTIyx7o16nIbHjXNn78D5tNOqAMU0cQ=~-1~-1; LAST_CCSYN=260; AMID=3516259495; _ga=GA1.2.1253177425.1547532995; ftr_ncd=6; _caid=495845ec-f19a-4242-b906-321b83658a89; AMCV_127B38B3527845B30A490D4C%40AdobeOrg=1099438348%7CMCIDTS%7C17912%7CMCMID%7C69607573363350417163994856205269040804%7CMCAAMLH-1548137795%7C11%7CMCAAMB-1548137795%7CRKhpRz8krg2tLO6pguXWp5olkAcUniQYPHaMWWgdJ3xzPWQmdj0y%7CMCOPTOUT-1547540195s%7CNONE%7CMCAID%7CNONE%7CMCSYNCSOP%7C411-17919%7CvVersion%7C2.1.0; s_fid=716E0F5041C00972-324DC04A1E160255; s_vi=[CS]v1|2E1ED2E1052A0C9D-4000010A200026BB[CE]; mbox=PC#7062ab40a16e4c8b93c7da050aa7f351.22_2#1555328802|session#fa3690e24ecf4214b6550468f9d9c8a7#1547554662|check#true#1547552862; utag_main=v_id:016850278863000be1d9ca0f7ddd03078003507000ac2$_sn:4$_ss:0$_st:1547554602037$vapi_domain:shop.com$_pn:2%3Bexp-session$ses_id:1547551832377%3Bexp-session; forterToken=45b3a24757e649bbad33a83df8497763_1547552802635__UDF43_9ck; s_getNewRepeat=1547552805936-Repeat; PHPSESSID=m2aboc18luhiv6nhfcnc4uo5cm; user_info=think%3A%7B%22id%22%3A%221%22%2C%22username%22%3A%22admin%22%2C%22password%22%3A%22bf280d5433553d3541c5381f24852c08%22%2C%22role_id%22%3A%221%22%7D',
)
[ info ] [ PARAM ] array (
  'id' => '2',
)
[ info ] [ DB ] INIT mysql
[ info ] [ RUN ] app\admin\controller\Admin->edit[ /Users/dylan/PHP/Project/shop/application/admin/controller/Admin.php ]
[ info ] [ VIEW ] /Users/dylan/PHP/Project/shop/public/../application/admin/view/admin/edit.html [ array (
  0 => 'info',
  1 => 'role',
) ]
[ info ] [ LOG ] INIT File
[ sql ] [ DB ] CONNECT:[ UseTime:0.000500s ] mysql:host=127.0.0.1;port=3306;dbname=shop;charset=utf8
[ sql ] [ SQL ] SHOW COLUMNS FROM `shop_role` [ RunTime:0.001154s ]
[ sql ] [ SQL ] SELECT * FROM `shop_role` WHERE  `id` = 1 LIMIT 1 [ RunTime:0.000352s ]
[ sql ] [ SQL ] SHOW COLUMNS FROM `shop_rule` [ RunTime:0.000942s ]
[ sql ] [ SQL ] SELECT * FROM `shop_rule` [ RunTime:0.000319s ]
[ sql ] [ SQL ] SHOW COLUMNS FROM `shop_admin` [ RunTime:0.000873s ]
[ sql ] [ SQL ] SELECT * FROM `shop_admin` WHERE  `id` = 2 LIMIT 1 [ RunTime:0.000337s ]
[ sql ] [ SQL ] SELECT * FROM `shop_role` [ RunTime:0.000296s ]
